{
  "timesstamp": "3/13/2025, 3:38:21 AM",
  "osType": "Linux",
  "osRelease": "6.11.0-19-generic",
  "cpuCore": 12,
  "totalMemory": "13.54 GB",
  "freeMemory": "9.63 GB",
  "uptime": "2.04 hours"
}
{
  "timesstamp": "3/13/2025, 3:38:26 AM",
  "osType": "Linux",
  "osRelease": "6.11.0-19-generic",
  "cpuCore": 12,
  "totalMemory": "13.54 GB",
  "freeMemory": "9.65 GB",
  "uptime": "2.04 hours"
}
{
  "timesstamp": "3/13/2025, 3:38:31 AM",
  "osType": "Linux",
  "osRelease": "6.11.0-19-generic",
  "cpuCore": 12,
  "totalMemory": "13.54 GB",
  "freeMemory": "9.61 GB",
  "uptime": "2.04 hours"
}
{
  "timesstamp": "3/13/2025, 3:38:36 AM",
  "osType": "Linux",
  "osRelease": "6.11.0-19-generic",
  "cpuCore": 12,
  "totalMemory": "13.54 GB",
  "freeMemory": "9.61 GB",
  "uptime": "2.04 hours"
}
{
  "timesstamp": "3/13/2025, 3:38:41 AM",
  "osType": "Linux",
  "osRelease": "6.11.0-19-generic",
  "cpuCore": 12,
  "totalMemory": "13.54 GB",
  "freeMemory": "9.62 GB",
  "uptime": "2.04 hours"
}
{
  "timesstamp": "3/13/2025, 3:38:46 AM",
  "osType": "Linux",
  "osRelease": "6.11.0-19-generic",
  "cpuCore": 12,
  "totalMemory": "13.54 GB",
  "freeMemory": "9.63 GB",
  "uptime": "2.05 hours"
}
{
  "timesstamp": "3/13/2025, 3:38:51 AM",
  "osType": "Linux",
  "osRelease": "6.11.0-19-generic",
  "cpuCore": 12,
  "totalMemory": "13.54 GB",
  "freeMemory": "9.64 GB",
  "uptime": "2.05 hours"
}
{
  "timesstamp": "3/13/2025, 3:38:56 AM",
  "osType": "Linux",
  "osRelease": "6.11.0-19-generic",
  "cpuCore": 12,
  "totalMemory": "13.54 GB",
  "freeMemory": "9.64 GB",
  "uptime": "2.05 hours"
}
{
  "timesstamp": "3/13/2025, 3:39:01 AM",
  "osType": "Linux",
  "osRelease": "6.11.0-19-generic",
  "cpuCore": 12,
  "totalMemory": "13.54 GB",
  "freeMemory": "9.62 GB",
  "uptime": "2.05 hours"
}
{
  "timesstamp": "3/13/2025, 3:39:06 AM",
  "osType": "Linux",
  "osRelease": "6.11.0-19-generic",
  "cpuCore": 12,
  "totalMemory": "13.54 GB",
  "freeMemory": "9.25 GB",
  "uptime": "2.05 hours"
}
{
  "timesstamp": "3/13/2025, 3:39:11 AM",
  "osType": "Linux",
  "osRelease": "6.11.0-19-generic",
  "cpuCore": 12,
  "totalMemory": "13.54 GB",
  "freeMemory": "9.30 GB",
  "uptime": "2.05 hours"
}
{
  "timesstamp": "3/13/2025, 3:39:16 AM",
  "osType": "Linux",
  "osRelease": "6.11.0-19-generic",
  "cpuCore": 12,
  "totalMemory": "13.54 GB",
  "freeMemory": "9.44 GB",
  "uptime": "2.05 hours"
}
{
  "timesstamp": "3/13/2025, 3:50:37 AM",
  "osType": "Linux",
  "osRelease": "6.11.0-19-generic",
  "cpuCore": 12,
  "totalMemory": "13.54 GB",
  "freeMemory": "9.54 GB",
  "uptime": "2.24 hours"
}
{
  "timesstamp": "3/13/2025, 3:50:42 AM",
  "osType": "Linux",
  "osRelease": "6.11.0-19-generic",
  "cpuCore": 12,
  "totalMemory": "13.54 GB",
  "freeMemory": "9.51 GB",
  "uptime": "2.24 hours"
}
